<?xml version="1.0" encoding="UTF-8"?>
<!-- Generated by org.testng.reporters.JUnitXMLReporter -->
<testsuite hostname="LAPTOP-CTO6KOJG" ignored="0" name="Test" tests="7" failures="0" timestamp="05 Oct 2021 16:10:54 GMT" time="15.934" errors="0">
  <testcase name="logInPage" time="0.853" classname="com.demoblaze.tests.DemoBlaze"/>
  <testcase name="validateUser" time="5.095" classname="com.demoblaze.tests.DemoBlaze"/>
  <testcase name="clickOnLaptops" time="0.081" classname="com.demoblaze.tests.DemoBlaze"/>
  <testcase name="selectAnyLaptop" time="0.752" classname="com.demoblaze.tests.DemoBlaze"/>
  <testcase name="validateAndAddLaptopToCart" time="0.664" classname="com.demoblaze.tests.DemoBlaze"/>
  <testcase name="placingOrder" time="0.152" classname="com.demoblaze.tests.DemoBlaze"/>
  <testcase name="placingOrder_customerDetails" time="4.107" classname="com.demoblaze.tests.DemoBlaze"/>
</testsuite> <!-- Test -->
